[ 2017-03-26T12:12:03+08:00 ] 127.0.0.1 /index.php?m=App&c=Index&a=index&uid=1
INFO: [ app_init ] --START--
INFO: Run Behavior\BuildLiteBehavior [ RunTime:0.000000s ]
INFO: [ app_init ] --END-- [ RunTime:0.001000s ]
SQL: SHOW COLUMNS FROM `wemall_info` [ RunTime:0.0070s ]
SQL: SELECT * FROM `wemall_info` LIMIT 1   [ RunTime:0.0010s ]
INFO: [ app_begin ] --START--
INFO: Run Behavior\ReadHtmlCacheBehavior [ RunTime:0.001000s ]
INFO: [ app_begin ] --END-- [ RunTime:0.001000s ]
SQL: SELECT * FROM `wemall_info` LIMIT 1   [ RunTime:0.0010s ]
SQL: SHOW COLUMNS FROM `wemall_menu` [ RunTime:0.0180s ]
SQL: SELECT * FROM `wemall_menu`  [ RunTime:0.0010s ]
SQL: SHOW COLUMNS FROM `wemall_good` [ RunTime:0.0140s ]
SQL: SELECT * FROM `wemall_good`  [ RunTime:0.0010s ]
SQL: SHOW COLUMNS FROM `wemall_user` [ RunTime:0.0170s ]
SQL: SELECT * FROM `wemall_user` WHERE `uid` = '1' LIMIT 1   [ RunTime:0.0010s ]
SQL: SHOW COLUMNS FROM `wemall_alipay` [ RunTime:0.0160s ]
SQL: SELECT * FROM `wemall_alipay` LIMIT 1   [ RunTime:0.0010s ]
INFO: [ view_parse ] --START--
INFO: [ template_filter ] --START--
INFO: Run Behavior\ContentReplaceBehavior [ RunTime:0.000000s ]
INFO: [ template_filter ] --END-- [ RunTime:0.000000s ]
INFO: Run Behavior\ParseTemplateBehavior [ RunTime:0.021001s ]
INFO: [ view_parse ] --END-- [ RunTime:0.021001s ]
INFO: [ view_filter ] --START--
INFO: Run Behavior\WriteHtmlCacheBehavior [ RunTime:0.000000s ]
INFO: [ view_filter ] --END-- [ RunTime:0.000000s ]
INFO: [ app_end ] --START--
INFO: Run Behavior\ShowPageTraceBehavior [ RunTime:0.001000s ]
INFO: [ app_end ] --END-- [ RunTime:0.001000s ]

[ 2017-03-26T12:16:53+08:00 ] 127.0.0.1 /index.php?m=App&c=Index&a=index
INFO: [ app_init ] --START--
INFO: Run Behavior\BuildLiteBehavior [ RunTime:0.000000s ]
INFO: [ app_init ] --END-- [ RunTime:0.000000s ]
SQL: SHOW COLUMNS FROM `wemall_info` [ RunTime:0.0090s ]
SQL: SELECT * FROM `wemall_info` LIMIT 1   [ RunTime:0.0010s ]
INFO: [ app_begin ] --START--
INFO: Run Behavior\ReadHtmlCacheBehavior [ RunTime:0.001000s ]
INFO: [ app_begin ] --END-- [ RunTime:0.001000s ]
INFO: [ app_end ] --START--
INFO: Run Behavior\ShowPageTraceBehavior [ RunTime:0.001000s ]
INFO: [ app_end ] --END-- [ RunTime:0.001000s ]

[ 2017-03-26T12:19:44+08:00 ] 127.0.0.1 /index.php?m=App&c=Index&a=index&uid=1
INFO: [ app_init ] --START--
INFO: Run Behavior\BuildLiteBehavior [ RunTime:0.000000s ]
INFO: [ app_init ] --END-- [ RunTime:0.001000s ]
SQL: SHOW COLUMNS FROM `wemall_info` [ RunTime:0.0080s ]
SQL: SELECT * FROM `wemall_info` LIMIT 1   [ RunTime:0.0010s ]
INFO: [ app_begin ] --START--
INFO: Run Behavior\ReadHtmlCacheBehavior [ RunTime:0.001000s ]
INFO: [ app_begin ] --END-- [ RunTime:0.001000s ]
SQL: SELECT * FROM `wemall_info` LIMIT 1   [ RunTime:0.0010s ]
SQL: SHOW COLUMNS FROM `wemall_menu` [ RunTime:0.0060s ]
SQL: SELECT * FROM `wemall_menu`  [ RunTime:0.0010s ]
SQL: SHOW COLUMNS FROM `wemall_good` [ RunTime:0.0090s ]
SQL: SELECT * FROM `wemall_good`  [ RunTime:0.0010s ]
SQL: SHOW COLUMNS FROM `wemall_user` [ RunTime:0.0080s ]
SQL: SELECT * FROM `wemall_user` WHERE `uid` = '1' LIMIT 1   [ RunTime:0.0000s ]
SQL: SHOW COLUMNS FROM `wemall_alipay` [ RunTime:0.0100s ]
SQL: SELECT * FROM `wemall_alipay` LIMIT 1   [ RunTime:0.0000s ]
INFO: [ view_parse ] --START--
INFO: [ template_filter ] --START--
INFO: Run Behavior\ContentReplaceBehavior [ RunTime:0.000000s ]
INFO: [ template_filter ] --END-- [ RunTime:0.000000s ]
INFO: Run Behavior\ParseTemplateBehavior [ RunTime:0.013001s ]
INFO: [ view_parse ] --END-- [ RunTime:0.013001s ]
INFO: [ view_filter ] --START--
INFO: Run Behavior\WriteHtmlCacheBehavior [ RunTime:0.001000s ]
INFO: [ view_filter ] --END-- [ RunTime:0.001000s ]
INFO: [ app_end ] --START--
INFO: Run Behavior\ShowPageTraceBehavior [ RunTime:0.001000s ]
INFO: [ app_end ] --END-- [ RunTime:0.001000s ]

[ 2017-03-26T12:20:00+08:00 ] 127.0.0.1 /index.php/App/Index/getorders
INFO: [ app_init ] --START--
INFO: Run Behavior\BuildLiteBehavior [ RunTime:0.000000s ]
INFO: [ app_init ] --END-- [ RunTime:0.001000s ]
SQL: SHOW COLUMNS FROM `wemall_info` [ RunTime:0.0080s ]
SQL: SELECT * FROM `wemall_info` LIMIT 1   [ RunTime:0.0000s ]
INFO: [ app_begin ] --START--
INFO: Run Behavior\ReadHtmlCacheBehavior [ RunTime:0.001001s ]
INFO: [ app_begin ] --END-- [ RunTime:0.001001s ]
SQL: SHOW COLUMNS FROM `wemall_user` [ RunTime:0.0090s ]
SQL: SELECT * FROM `wemall_user` WHERE `uid` = '1' LIMIT 1   [ RunTime:0.0010s ]
SQL: SHOW COLUMNS FROM `wemall_order` [ RunTime:0.0070s ]
SQL: SELECT * FROM `wemall_order` WHERE `user_id` = 1 ORDER BY id desc  [ RunTime:0.0000s ]

[ 2017-03-26T21:26:04+08:00 ] 1.94.41.161 /index.php?m=App&c=Index&a=index&uid=1
INFO: [ app_init ] --START--
INFO: Run Behavior\BuildLiteBehavior [ RunTime:0.000012s ]
INFO: [ app_init ] --END-- [ RunTime:0.000069s ]
SQL: SHOW COLUMNS FROM `wemall_info` [ RunTime:0.0007s ]
SQL: SELECT * FROM `wemall_info` LIMIT 1   [ RunTime:0.0002s ]
INFO: [ app_begin ] --START--
INFO: Run Behavior\ReadHtmlCacheBehavior [ RunTime:0.000051s ]
INFO: [ app_begin ] --END-- [ RunTime:0.000094s ]
SQL: SELECT * FROM `wemall_info` LIMIT 1   [ RunTime:0.0001s ]
SQL: SHOW COLUMNS FROM `wemall_menu` [ RunTime:0.0004s ]
SQL: SELECT * FROM `wemall_menu`  [ RunTime:0.0002s ]
SQL: SHOW COLUMNS FROM `wemall_good` [ RunTime:0.0005s ]
SQL: SELECT * FROM `wemall_good`  [ RunTime:0.0002s ]
SQL: SHOW COLUMNS FROM `wemall_user` [ RunTime:0.0009s ]
SQL: SELECT * FROM `wemall_user` WHERE `uid` = '1' LIMIT 1   [ RunTime:0.0003s ]
SQL: SHOW COLUMNS FROM `wemall_alipay` [ RunTime:0.0005s ]
SQL: SELECT * FROM `wemall_alipay` LIMIT 1   [ RunTime:0.0001s ]
INFO: [ view_parse ] --START--
INFO: [ template_filter ] --START--
INFO: Run Behavior\ContentReplaceBehavior [ RunTime:0.000092s ]
INFO: [ template_filter ] --END-- [ RunTime:0.000151s ]
INFO: Run Behavior\ParseTemplateBehavior [ RunTime:0.018284s ]
INFO: [ view_parse ] --END-- [ RunTime:0.018383s ]
INFO: [ view_filter ] --START--
INFO: Run Behavior\WriteHtmlCacheBehavior [ RunTime:0.000102s ]
INFO: [ view_filter ] --END-- [ RunTime:0.000137s ]
INFO: [ app_end ] --START--
INFO: Run Behavior\ShowPageTraceBehavior [ RunTime:0.000052s ]
INFO: [ app_end ] --END-- [ RunTime:0.000091s ]

[ 2017-03-26T21:27:47+08:00 ] 1.94.41.161 /index.php?m=App&c=Index&a=index&uid=1
INFO: [ app_init ] --START--
INFO: Run Behavior\BuildLiteBehavior [ RunTime:0.000012s ]
INFO: [ app_init ] --END-- [ RunTime:0.000067s ]
SQL: SHOW COLUMNS FROM `wemall_info` [ RunTime:0.0005s ]
SQL: SELECT * FROM `wemall_info` LIMIT 1   [ RunTime:0.0001s ]
INFO: [ app_begin ] --START--
INFO: Run Behavior\ReadHtmlCacheBehavior [ RunTime:0.000051s ]
INFO: [ app_begin ] --END-- [ RunTime:0.000089s ]
SQL: SELECT * FROM `wemall_info` LIMIT 1   [ RunTime:0.0001s ]
SQL: SHOW COLUMNS FROM `wemall_menu` [ RunTime:0.0003s ]
SQL: SELECT * FROM `wemall_menu`  [ RunTime:0.0001s ]
SQL: SHOW COLUMNS FROM `wemall_good` [ RunTime:0.0004s ]
SQL: SELECT * FROM `wemall_good`  [ RunTime:0.0001s ]
SQL: SHOW COLUMNS FROM `wemall_user` [ RunTime:0.0004s ]
SQL: SELECT * FROM `wemall_user` WHERE `uid` = '1' LIMIT 1   [ RunTime:0.0001s ]
SQL: SHOW COLUMNS FROM `wemall_alipay` [ RunTime:0.0003s ]
SQL: SELECT * FROM `wemall_alipay` LIMIT 1   [ RunTime:0.0001s ]
INFO: [ view_parse ] --START--
INFO: [ template_filter ] --START--
INFO: Run Behavior\ContentReplaceBehavior [ RunTime:0.000073s ]
INFO: [ template_filter ] --END-- [ RunTime:0.000115s ]
INFO: Run Behavior\ParseTemplateBehavior [ RunTime:0.006224s ]
INFO: [ view_parse ] --END-- [ RunTime:0.006264s ]
INFO: [ view_filter ] --START--
INFO: Run Behavior\WriteHtmlCacheBehavior [ RunTime:0.000049s ]
INFO: [ view_filter ] --END-- [ RunTime:0.000080s ]
INFO: [ app_end ] --START--
INFO: Run Behavior\ShowPageTraceBehavior [ RunTime:0.000049s ]
INFO: [ app_end ] --END-- [ RunTime:0.000088s ]

[ 2017-03-26T21:28:13+08:00 ] 1.94.41.161 /index.php?m=App&c=Index&a=index
INFO: [ app_init ] --START--
INFO: Run Behavior\BuildLiteBehavior [ RunTime:0.000012s ]
INFO: [ app_init ] --END-- [ RunTime:0.000065s ]
SQL: SHOW COLUMNS FROM `wemall_info` [ RunTime:0.0006s ]
SQL: SELECT * FROM `wemall_info` LIMIT 1   [ RunTime:0.0001s ]
INFO: [ app_begin ] --START--
INFO: Run Behavior\ReadHtmlCacheBehavior [ RunTime:0.000054s ]
INFO: [ app_begin ] --END-- [ RunTime:0.000093s ]
INFO: [ app_end ] --START--
INFO: Run Behavior\ShowPageTraceBehavior [ RunTime:0.000048s ]
INFO: [ app_end ] --END-- [ RunTime:0.000085s ]

[ 2017-03-26T21:28:23+08:00 ] 101.226.33.206 /index.php?m=App&c=Index&a=index
INFO: [ app_init ] --START--
INFO: Run Behavior\BuildLiteBehavior [ RunTime:0.000013s ]
INFO: [ app_init ] --END-- [ RunTime:0.000073s ]
SQL: SHOW COLUMNS FROM `wemall_info` [ RunTime:0.0005s ]
SQL: SELECT * FROM `wemall_info` LIMIT 1   [ RunTime:0.0001s ]
INFO: [ app_begin ] --START--
INFO: Run Behavior\ReadHtmlCacheBehavior [ RunTime:0.000054s ]
INFO: [ app_begin ] --END-- [ RunTime:0.000095s ]
INFO: [ app_end ] --START--
INFO: Run Behavior\ShowPageTraceBehavior [ RunTime:0.000052s ]
INFO: [ app_end ] --END-- [ RunTime:0.000092s ]

[ 2017-03-26T21:28:23+08:00 ] 1.94.41.161 /index.php?m=App&c=Index&a=index&user=1
INFO: [ app_init ] --START--
INFO: Run Behavior\BuildLiteBehavior [ RunTime:0.000011s ]
INFO: [ app_init ] --END-- [ RunTime:0.000064s ]
SQL: SHOW COLUMNS FROM `wemall_info` [ RunTime:0.0006s ]
SQL: SELECT * FROM `wemall_info` LIMIT 1   [ RunTime:0.0001s ]
INFO: [ app_begin ] --START--
INFO: Run Behavior\ReadHtmlCacheBehavior [ RunTime:0.000049s ]
INFO: [ app_begin ] --END-- [ RunTime:0.000087s ]
INFO: [ app_end ] --START--
INFO: Run Behavior\ShowPageTraceBehavior [ RunTime:0.000043s ]
INFO: [ app_end ] --END-- [ RunTime:0.000078s ]

[ 2017-03-26T21:28:40+08:00 ] 1.94.41.161 /index.php?m=App&c=Index&a=index&uid=1
INFO: [ app_init ] --START--
INFO: Run Behavior\BuildLiteBehavior [ RunTime:0.000012s ]
INFO: [ app_init ] --END-- [ RunTime:0.000065s ]
SQL: SHOW COLUMNS FROM `wemall_info` [ RunTime:0.0005s ]
SQL: SELECT * FROM `wemall_info` LIMIT 1   [ RunTime:0.0001s ]
INFO: [ app_begin ] --START--
INFO: Run Behavior\ReadHtmlCacheBehavior [ RunTime:0.000054s ]
INFO: [ app_begin ] --END-- [ RunTime:0.000092s ]
SQL: SELECT * FROM `wemall_info` LIMIT 1   [ RunTime:0.0001s ]
SQL: SHOW COLUMNS FROM `wemall_menu` [ RunTime:0.0003s ]
SQL: SELECT * FROM `wemall_menu`  [ RunTime:0.0001s ]
SQL: SHOW COLUMNS FROM `wemall_good` [ RunTime:0.0004s ]
SQL: SELECT * FROM `wemall_good`  [ RunTime:0.0001s ]
SQL: SHOW COLUMNS FROM `wemall_user` [ RunTime:0.0003s ]
SQL: SELECT * FROM `wemall_user` WHERE `uid` = '1' LIMIT 1   [ RunTime:0.0001s ]
SQL: SHOW COLUMNS FROM `wemall_alipay` [ RunTime:0.0004s ]
SQL: SELECT * FROM `wemall_alipay` LIMIT 1   [ RunTime:0.0001s ]
INFO: [ view_parse ] --START--
INFO: [ template_filter ] --START--
INFO: Run Behavior\ContentReplaceBehavior [ RunTime:0.000079s ]
INFO: [ template_filter ] --END-- [ RunTime:0.000123s ]
INFO: Run Behavior\ParseTemplateBehavior [ RunTime:0.006251s ]
INFO: [ view_parse ] --END-- [ RunTime:0.006293s ]
INFO: [ view_filter ] --START--
INFO: Run Behavior\WriteHtmlCacheBehavior [ RunTime:0.000057s ]
INFO: [ view_filter ] --END-- [ RunTime:0.000090s ]
INFO: [ app_end ] --START--
INFO: Run Behavior\ShowPageTraceBehavior [ RunTime:0.000059s ]
INFO: [ app_end ] --END-- [ RunTime:0.000098s ]

[ 2017-03-26T21:30:00+08:00 ] 60.176.30.207 /index.php?m=App&c=Index&a=index&uid=1
INFO: [ app_init ] --START--
INFO: Run Behavior\BuildLiteBehavior [ RunTime:0.000017s ]
INFO: [ app_init ] --END-- [ RunTime:0.000092s ]
SQL: SHOW COLUMNS FROM `wemall_info` [ RunTime:0.0005s ]
SQL: SELECT * FROM `wemall_info` LIMIT 1   [ RunTime:0.0001s ]
INFO: [ app_begin ] --START--
INFO: Run Behavior\ReadHtmlCacheBehavior [ RunTime:0.000057s ]
INFO: [ app_begin ] --END-- [ RunTime:0.000096s ]
SQL: SELECT * FROM `wemall_info` LIMIT 1   [ RunTime:0.0001s ]
SQL: SHOW COLUMNS FROM `wemall_menu` [ RunTime:0.0003s ]
SQL: SELECT * FROM `wemall_menu`  [ RunTime:0.0001s ]
SQL: SHOW COLUMNS FROM `wemall_good` [ RunTime:0.0004s ]
SQL: SELECT * FROM `wemall_good`  [ RunTime:0.0001s ]
SQL: SHOW COLUMNS FROM `wemall_user` [ RunTime:0.0006s ]
SQL: SELECT * FROM `wemall_user` WHERE `uid` = '1' LIMIT 1   [ RunTime:0.0001s ]
SQL: SHOW COLUMNS FROM `wemall_alipay` [ RunTime:0.0004s ]
SQL: SELECT * FROM `wemall_alipay` LIMIT 1   [ RunTime:0.0001s ]
INFO: [ view_parse ] --START--
INFO: [ template_filter ] --START--
INFO: Run Behavior\ContentReplaceBehavior [ RunTime:0.000072s ]
INFO: [ template_filter ] --END-- [ RunTime:0.000115s ]
INFO: Run Behavior\ParseTemplateBehavior [ RunTime:0.005887s ]
INFO: [ view_parse ] --END-- [ RunTime:0.005929s ]
INFO: [ view_filter ] --START--
INFO: Run Behavior\WriteHtmlCacheBehavior [ RunTime:0.000057s ]
INFO: [ view_filter ] --END-- [ RunTime:0.000128s ]
INFO: [ app_end ] --START--
INFO: Run Behavior\ShowPageTraceBehavior [ RunTime:0.000055s ]
INFO: [ app_end ] --END-- [ RunTime:0.000095s ]

[ 2017-03-26T21:30:25+08:00 ] 60.176.30.207 /index.php?m=App&c=Index&a=index&uid=1
INFO: [ app_init ] --START--
INFO: Run Behavior\BuildLiteBehavior [ RunTime:0.000014s ]
INFO: [ app_init ] --END-- [ RunTime:0.000133s ]
SQL: SHOW COLUMNS FROM `wemall_info` [ RunTime:0.0005s ]
SQL: SELECT * FROM `wemall_info` LIMIT 1   [ RunTime:0.0001s ]
INFO: [ app_begin ] --START--
INFO: Run Behavior\ReadHtmlCacheBehavior [ RunTime:0.000053s ]
INFO: [ app_begin ] --END-- [ RunTime:0.000093s ]
SQL: SELECT * FROM `wemall_info` LIMIT 1   [ RunTime:0.0001s ]
SQL: SHOW COLUMNS FROM `wemall_menu` [ RunTime:0.0003s ]
SQL: SELECT * FROM `wemall_menu`  [ RunTime:0.0001s ]
SQL: SHOW COLUMNS FROM `wemall_good` [ RunTime:0.0004s ]
SQL: SELECT * FROM `wemall_good`  [ RunTime:0.0001s ]
SQL: SHOW COLUMNS FROM `wemall_user` [ RunTime:0.0004s ]
SQL: SELECT * FROM `wemall_user` WHERE `uid` = '1' LIMIT 1   [ RunTime:0.0001s ]
SQL: SHOW COLUMNS FROM `wemall_alipay` [ RunTime:0.0003s ]
SQL: SELECT * FROM `wemall_alipay` LIMIT 1   [ RunTime:0.0001s ]
INFO: [ view_parse ] --START--
INFO: [ template_filter ] --START--
INFO: Run Behavior\ContentReplaceBehavior [ RunTime:0.000074s ]
INFO: [ template_filter ] --END-- [ RunTime:0.000114s ]
INFO: Run Behavior\ParseTemplateBehavior [ RunTime:0.005733s ]
INFO: [ view_parse ] --END-- [ RunTime:0.005773s ]
INFO: [ view_filter ] --START--
INFO: Run Behavior\WriteHtmlCacheBehavior [ RunTime:0.000055s ]
INFO: [ view_filter ] --END-- [ RunTime:0.000087s ]
INFO: [ app_end ] --START--
INFO: Run Behavior\ShowPageTraceBehavior [ RunTime:0.000058s ]
INFO: [ app_end ] --END-- [ RunTime:0.000097s ]

[ 2017-03-26T21:30:50+08:00 ] 1.94.41.161 /index.php?m=App&c=Index&a=index
INFO: [ app_init ] --START--
INFO: Run Behavior\BuildLiteBehavior [ RunTime:0.000012s ]
INFO: [ app_init ] --END-- [ RunTime:0.000065s ]
SQL: SHOW COLUMNS FROM `wemall_info` [ RunTime:0.0006s ]
SQL: SELECT * FROM `wemall_info` LIMIT 1   [ RunTime:0.0001s ]
INFO: [ app_begin ] --START--
INFO: Run Behavior\ReadHtmlCacheBehavior [ RunTime:0.000055s ]
INFO: [ app_begin ] --END-- [ RunTime:0.000094s ]
INFO: [ app_end ] --START--
INFO: Run Behavior\ShowPageTraceBehavior [ RunTime:0.000050s ]
INFO: [ app_end ] --END-- [ RunTime:0.000086s ]

[ 2017-03-26T21:31:00+08:00 ] 1.94.41.161 /index.php?m=App&c=Index&a=index&uid=1
INFO: [ app_init ] --START--
INFO: Run Behavior\BuildLiteBehavior [ RunTime:0.000018s ]
INFO: [ app_init ] --END-- [ RunTime:0.000096s ]
SQL: SHOW COLUMNS FROM `wemall_info` [ RunTime:0.0007s ]
SQL: SELECT * FROM `wemall_info` LIMIT 1   [ RunTime:0.0001s ]
INFO: [ app_begin ] --START--
INFO: Run Behavior\ReadHtmlCacheBehavior [ RunTime:0.000054s ]
INFO: [ app_begin ] --END-- [ RunTime:0.000093s ]
SQL: SELECT * FROM `wemall_info` LIMIT 1   [ RunTime:0.0001s ]
SQL: SHOW COLUMNS FROM `wemall_menu` [ RunTime:0.0003s ]
SQL: SELECT * FROM `wemall_menu`  [ RunTime:0.0001s ]
SQL: SHOW COLUMNS FROM `wemall_good` [ RunTime:0.0004s ]
SQL: SELECT * FROM `wemall_good`  [ RunTime:0.0001s ]
SQL: SHOW COLUMNS FROM `wemall_user` [ RunTime:0.0003s ]
SQL: SELECT * FROM `wemall_user` WHERE `uid` = '1' LIMIT 1   [ RunTime:0.0001s ]
SQL: SHOW COLUMNS FROM `wemall_alipay` [ RunTime:0.0003s ]
SQL: SELECT * FROM `wemall_alipay` LIMIT 1   [ RunTime:0.0001s ]
INFO: [ view_parse ] --START--
INFO: [ template_filter ] --START--
INFO: Run Behavior\ContentReplaceBehavior [ RunTime:0.000078s ]
INFO: [ template_filter ] --END-- [ RunTime:0.000121s ]
INFO: Run Behavior\ParseTemplateBehavior [ RunTime:0.005862s ]
INFO: [ view_parse ] --END-- [ RunTime:0.005904s ]
INFO: [ view_filter ] --START--
INFO: Run Behavior\WriteHtmlCacheBehavior [ RunTime:0.000055s ]
INFO: [ view_filter ] --END-- [ RunTime:0.000088s ]
INFO: [ app_end ] --START--
INFO: Run Behavior\ShowPageTraceBehavior [ RunTime:0.000059s ]
INFO: [ app_end ] --END-- [ RunTime:0.000098s ]

[ 2017-03-26T21:31:44+08:00 ] 1.94.41.161 /index.php?m=App&c=Index&a=index&uid=1
INFO: [ app_init ] --START--
INFO: Run Behavior\BuildLiteBehavior [ RunTime:0.000013s ]
INFO: [ app_init ] --END-- [ RunTime:0.000067s ]
SQL: SHOW COLUMNS FROM `wemall_info` [ RunTime:0.0005s ]
SQL: SELECT * FROM `wemall_info` LIMIT 1   [ RunTime:0.0001s ]
INFO: [ app_begin ] --START--
INFO: Run Behavior\ReadHtmlCacheBehavior [ RunTime:0.000054s ]
INFO: [ app_begin ] --END-- [ RunTime:0.000093s ]
SQL: SELECT * FROM `wemall_info` LIMIT 1   [ RunTime:0.0001s ]
SQL: SHOW COLUMNS FROM `wemall_menu` [ RunTime:0.0003s ]
SQL: SELECT * FROM `wemall_menu`  [ RunTime:0.0001s ]
SQL: SHOW COLUMNS FROM `wemall_good` [ RunTime:0.0004s ]
SQL: SELECT * FROM `wemall_good`  [ RunTime:0.0001s ]
SQL: SHOW COLUMNS FROM `wemall_user` [ RunTime:0.0003s ]
SQL: SELECT * FROM `wemall_user` WHERE `uid` = '1' LIMIT 1   [ RunTime:0.0001s ]
SQL: SHOW COLUMNS FROM `wemall_alipay` [ RunTime:0.0004s ]
SQL: SELECT * FROM `wemall_alipay` LIMIT 1   [ RunTime:0.0001s ]
INFO: [ view_parse ] --START--
INFO: [ template_filter ] --START--
INFO: Run Behavior\ContentReplaceBehavior [ RunTime:0.000074s ]
INFO: [ template_filter ] --END-- [ RunTime:0.000116s ]
INFO: Run Behavior\ParseTemplateBehavior [ RunTime:0.006094s ]
INFO: [ view_parse ] --END-- [ RunTime:0.006134s ]
INFO: [ view_filter ] --START--
INFO: Run Behavior\WriteHtmlCacheBehavior [ RunTime:0.000054s ]
INFO: [ view_filter ] --END-- [ RunTime:0.000087s ]

[ 2017-03-26T21:31:45+08:00 ] 1.94.41.161 /index.php?m=App&c=Index&a=index&uid=1
INFO: [ app_init ] --START--
INFO: Run Behavior\BuildLiteBehavior [ RunTime:0.000011s ]
INFO: [ app_init ] --END-- [ RunTime:0.000065s ]
SQL: SHOW COLUMNS FROM `wemall_info` [ RunTime:0.0006s ]
SQL: SELECT * FROM `wemall_info` LIMIT 1   [ RunTime:0.0001s ]
INFO: [ app_begin ] --START--
INFO: Run Behavior\ReadHtmlCacheBehavior [ RunTime:0.000050s ]
INFO: [ app_begin ] --END-- [ RunTime:0.000088s ]
SQL: SELECT * FROM `wemall_info` LIMIT 1   [ RunTime:0.0001s ]
SQL: SHOW COLUMNS FROM `wemall_menu` [ RunTime:0.0003s ]
SQL: SELECT * FROM `wemall_menu`  [ RunTime:0.0001s ]
SQL: SHOW COLUMNS FROM `wemall_good` [ RunTime:0.0004s ]
SQL: SELECT * FROM `wemall_good`  [ RunTime:0.0001s ]
SQL: SHOW COLUMNS FROM `wemall_user` [ RunTime:0.0003s ]
SQL: SELECT * FROM `wemall_user` WHERE `uid` = '1' LIMIT 1   [ RunTime:0.0019s ]
SQL: SHOW COLUMNS FROM `wemall_alipay` [ RunTime:0.0004s ]
SQL: SELECT * FROM `wemall_alipay` LIMIT 1   [ RunTime:0.0001s ]
INFO: [ view_parse ] --START--
INFO: [ template_filter ] --START--
INFO: Run Behavior\ContentReplaceBehavior [ RunTime:0.000074s ]
INFO: [ template_filter ] --END-- [ RunTime:0.000115s ]
INFO: Run Behavior\ParseTemplateBehavior [ RunTime:0.005818s ]
INFO: [ view_parse ] --END-- [ RunTime:0.005859s ]
INFO: [ view_filter ] --START--
INFO: Run Behavior\WriteHtmlCacheBehavior [ RunTime:0.000049s ]
INFO: [ view_filter ] --END-- [ RunTime:0.000081s ]
INFO: [ app_end ] --START--
INFO: Run Behavior\ShowPageTraceBehavior [ RunTime:0.000049s ]
INFO: [ app_end ] --END-- [ RunTime:0.000088s ]

[ 2017-03-26T21:31:49+08:00 ] 1.94.41.161 /index.php?m=App&c=Index&a=index&uid=1
INFO: [ app_init ] --START--
INFO: Run Behavior\BuildLiteBehavior [ RunTime:0.000012s ]
INFO: [ app_init ] --END-- [ RunTime:0.000065s ]
SQL: SHOW COLUMNS FROM `wemall_info` [ RunTime:0.0006s ]
SQL: SELECT * FROM `wemall_info` LIMIT 1   [ RunTime:0.0001s ]
INFO: [ app_begin ] --START--
INFO: Run Behavior\ReadHtmlCacheBehavior [ RunTime:0.000057s ]
INFO: [ app_begin ] --END-- [ RunTime:0.000098s ]
SQL: SELECT * FROM `wemall_info` LIMIT 1   [ RunTime:0.0001s ]
SQL: SHOW COLUMNS FROM `wemall_menu` [ RunTime:0.0003s ]
SQL: SELECT * FROM `wemall_menu`  [ RunTime:0.0001s ]
SQL: SHOW COLUMNS FROM `wemall_good` [ RunTime:0.0004s ]
SQL: SELECT * FROM `wemall_good`  [ RunTime:0.0001s ]
SQL: SHOW COLUMNS FROM `wemall_user` [ RunTime:0.0003s ]
SQL: SELECT * FROM `wemall_user` WHERE `uid` = '1' LIMIT 1   [ RunTime:0.0001s ]
SQL: SHOW COLUMNS FROM `wemall_alipay` [ RunTime:0.0004s ]
SQL: SELECT * FROM `wemall_alipay` LIMIT 1   [ RunTime:0.0001s ]
INFO: [ view_parse ] --START--
INFO: [ template_filter ] --START--
INFO: Run Behavior\ContentReplaceBehavior [ RunTime:0.000090s ]
INFO: [ template_filter ] --END-- [ RunTime:0.000142s ]
INFO: Run Behavior\ParseTemplateBehavior [ RunTime:0.007593s ]
INFO: [ view_parse ] --END-- [ RunTime:0.007635s ]
INFO: [ view_filter ] --START--
INFO: Run Behavior\WriteHtmlCacheBehavior [ RunTime:0.000050s ]
INFO: [ view_filter ] --END-- [ RunTime:0.000085s ]
INFO: [ app_end ] --START--
INFO: Run Behavior\ShowPageTraceBehavior [ RunTime:0.000058s ]
INFO: [ app_end ] --END-- [ RunTime:0.000105s ]

[ 2017-03-26T21:31:58+08:00 ] 1.94.41.161 /index.php?m=App&c=Index&a=index&uid=1
INFO: [ app_init ] --START--
INFO: Run Behavior\BuildLiteBehavior [ RunTime:0.000012s ]
INFO: [ app_init ] --END-- [ RunTime:0.000065s ]
SQL: SHOW COLUMNS FROM `wemall_info` [ RunTime:0.0006s ]
SQL: SELECT * FROM `wemall_info` LIMIT 1   [ RunTime:0.0001s ]
INFO: [ app_begin ] --START--
INFO: Run Behavior\ReadHtmlCacheBehavior [ RunTime:0.000054s ]
INFO: [ app_begin ] --END-- [ RunTime:0.000093s ]
SQL: SELECT * FROM `wemall_info` LIMIT 1   [ RunTime:0.0001s ]
SQL: SHOW COLUMNS FROM `wemall_menu` [ RunTime:0.0003s ]
SQL: SELECT * FROM `wemall_menu`  [ RunTime:0.0001s ]
SQL: SHOW COLUMNS FROM `wemall_good` [ RunTime:0.0004s ]
SQL: SELECT * FROM `wemall_good`  [ RunTime:0.0001s ]
SQL: SHOW COLUMNS FROM `wemall_user` [ RunTime:0.0003s ]
SQL: SELECT * FROM `wemall_user` WHERE `uid` = '1' LIMIT 1   [ RunTime:0.0001s ]
SQL: SHOW COLUMNS FROM `wemall_alipay` [ RunTime:0.0003s ]
SQL: SELECT * FROM `wemall_alipay` LIMIT 1   [ RunTime:0.0001s ]
INFO: [ view_parse ] --START--
INFO: [ template_filter ] --START--
INFO: Run Behavior\ContentReplaceBehavior [ RunTime:0.000077s ]
INFO: [ template_filter ] --END-- [ RunTime:0.000119s ]
INFO: Run Behavior\ParseTemplateBehavior [ RunTime:0.006316s ]
INFO: [ view_parse ] --END-- [ RunTime:0.006357s ]
INFO: [ view_filter ] --START--
INFO: Run Behavior\WriteHtmlCacheBehavior [ RunTime:0.000052s ]
INFO: [ view_filter ] --END-- [ RunTime:0.000084s ]
INFO: [ app_end ] --START--
INFO: Run Behavior\ShowPageTraceBehavior [ RunTime:0.000055s ]
INFO: [ app_end ] --END-- [ RunTime:0.000094s ]

[ 2017-03-26T21:33:41+08:00 ] 1.94.41.161 /index.php?m=App&c=Index&a=index&uid=1
INFO: [ app_init ] --START--
INFO: Run Behavior\BuildLiteBehavior [ RunTime:0.000012s ]
INFO: [ app_init ] --END-- [ RunTime:0.000064s ]
SQL: SHOW COLUMNS FROM `wemall_info` [ RunTime:0.0006s ]
SQL: SELECT * FROM `wemall_info` LIMIT 1   [ RunTime:0.0001s ]
INFO: [ app_begin ] --START--
INFO: Run Behavior\ReadHtmlCacheBehavior [ RunTime:0.000055s ]
INFO: [ app_begin ] --END-- [ RunTime:0.000094s ]
SQL: SELECT * FROM `wemall_info` LIMIT 1   [ RunTime:0.0001s ]
SQL: SHOW COLUMNS FROM `wemall_menu` [ RunTime:0.0003s ]
SQL: SELECT * FROM `wemall_menu`  [ RunTime:0.0001s ]
SQL: SHOW COLUMNS FROM `wemall_good` [ RunTime:0.0004s ]
SQL: SELECT * FROM `wemall_good`  [ RunTime:0.0001s ]
SQL: SHOW COLUMNS FROM `wemall_user` [ RunTime:0.0003s ]
SQL: SELECT * FROM `wemall_user` WHERE `uid` = '1' LIMIT 1   [ RunTime:0.0001s ]
SQL: SHOW COLUMNS FROM `wemall_alipay` [ RunTime:0.0003s ]
SQL: SELECT * FROM `wemall_alipay` LIMIT 1   [ RunTime:0.0001s ]
INFO: [ view_parse ] --START--
INFO: [ template_filter ] --START--
INFO: Run Behavior\ContentReplaceBehavior [ RunTime:0.000100s ]
INFO: [ template_filter ] --END-- [ RunTime:0.000152s ]
INFO: Run Behavior\ParseTemplateBehavior [ RunTime:0.006124s ]
INFO: [ view_parse ] --END-- [ RunTime:0.006241s ]
INFO: [ view_filter ] --START--
INFO: Run Behavior\WriteHtmlCacheBehavior [ RunTime:0.000057s ]
INFO: [ view_filter ] --END-- [ RunTime:0.000090s ]
INFO: [ app_end ] --START--
INFO: Run Behavior\ShowPageTraceBehavior [ RunTime:0.000058s ]
INFO: [ app_end ] --END-- [ RunTime:0.000100s ]

[ 2017-03-26T21:33:50+08:00 ] 1.94.41.161 /index.php?m=App&c=Index&a=index&uid=1
INFO: [ app_init ] --START--
INFO: Run Behavior\BuildLiteBehavior [ RunTime:0.000013s ]
INFO: [ app_init ] --END-- [ RunTime:0.000064s ]
SQL: SHOW COLUMNS FROM `wemall_info` [ RunTime:0.0005s ]
SQL: SELECT * FROM `wemall_info` LIMIT 1   [ RunTime:0.0001s ]
INFO: [ app_begin ] --START--
INFO: Run Behavior\ReadHtmlCacheBehavior [ RunTime:0.000056s ]
INFO: [ app_begin ] --END-- [ RunTime:0.000094s ]
SQL: SELECT * FROM `wemall_info` LIMIT 1   [ RunTime:0.0002s ]
SQL: SHOW COLUMNS FROM `wemall_menu` [ RunTime:0.0003s ]
SQL: SELECT * FROM `wemall_menu`  [ RunTime:0.0001s ]
SQL: SHOW COLUMNS FROM `wemall_good` [ RunTime:0.0004s ]
SQL: SELECT * FROM `wemall_good`  [ RunTime:0.0001s ]
SQL: SHOW COLUMNS FROM `wemall_user` [ RunTime:0.0003s ]
SQL: SELECT * FROM `wemall_user` WHERE `uid` = '1' LIMIT 1   [ RunTime:0.0001s ]
SQL: SHOW COLUMNS FROM `wemall_alipay` [ RunTime:0.0003s ]
SQL: SELECT * FROM `wemall_alipay` LIMIT 1   [ RunTime:0.0001s ]
INFO: [ view_parse ] --START--
INFO: [ template_filter ] --START--
INFO: Run Behavior\ContentReplaceBehavior [ RunTime:0.000077s ]
INFO: [ template_filter ] --END-- [ RunTime:0.000125s ]
INFO: Run Behavior\ParseTemplateBehavior [ RunTime:0.006116s ]
INFO: [ view_parse ] --END-- [ RunTime:0.006160s ]
INFO: [ view_filter ] --START--
INFO: Run Behavior\WriteHtmlCacheBehavior [ RunTime:0.000067s ]
INFO: [ view_filter ] --END-- [ RunTime:0.000100s ]
INFO: [ app_end ] --START--
INFO: Run Behavior\ShowPageTraceBehavior [ RunTime:0.000060s ]
INFO: [ app_end ] --END-- [ RunTime:0.000100s ]

[ 2017-03-26T21:36:26+08:00 ] 1.94.41.161 /index.php?m=App&c=Index&a=index&uid=1
INFO: [ app_init ] --START--
INFO: Run Behavior\BuildLiteBehavior [ RunTime:0.000017s ]
INFO: [ app_init ] --END-- [ RunTime:0.000093s ]
SQL: SHOW COLUMNS FROM `wemall_info` [ RunTime:0.0007s ]
SQL: SELECT * FROM `wemall_info` LIMIT 1   [ RunTime:0.0001s ]
INFO: [ app_begin ] --START--
INFO: Run Behavior\ReadHtmlCacheBehavior [ RunTime:0.000081s ]
INFO: [ app_begin ] --END-- [ RunTime:0.000143s ]
SQL: SELECT * FROM `wemall_info` LIMIT 1   [ RunTime:0.0001s ]
SQL: SHOW COLUMNS FROM `wemall_menu` [ RunTime:0.0004s ]
SQL: SELECT * FROM `wemall_menu`  [ RunTime:0.0001s ]
SQL: SHOW COLUMNS FROM `wemall_good` [ RunTime:0.0005s ]
SQL: SELECT * FROM `wemall_good`  [ RunTime:0.0001s ]
SQL: SHOW COLUMNS FROM `wemall_user` [ RunTime:0.0003s ]
SQL: SELECT * FROM `wemall_user` WHERE `uid` = '1' LIMIT 1   [ RunTime:0.0001s ]
SQL: SHOW COLUMNS FROM `wemall_alipay` [ RunTime:0.0003s ]
SQL: SELECT * FROM `wemall_alipay` LIMIT 1   [ RunTime:0.0001s ]
INFO: [ view_parse ] --START--
INFO: [ template_filter ] --START--
INFO: Run Behavior\ContentReplaceBehavior [ RunTime:0.000074s ]
INFO: [ template_filter ] --END-- [ RunTime:0.000116s ]
INFO: Run Behavior\ParseTemplateBehavior [ RunTime:0.006154s ]
INFO: [ view_parse ] --END-- [ RunTime:0.006196s ]
INFO: [ view_filter ] --START--
INFO: Run Behavior\WriteHtmlCacheBehavior [ RunTime:0.000056s ]
INFO: [ view_filter ] --END-- [ RunTime:0.000089s ]
INFO: [ app_end ] --START--
INFO: Run Behavior\ShowPageTraceBehavior [ RunTime:0.000058s ]
INFO: [ app_end ] --END-- [ RunTime:0.000096s ]

[ 2017-03-26T21:36:47+08:00 ] 1.94.41.161 /index.php?m=App&c=Index&a=index&uid=1
INFO: [ app_init ] --START--
INFO: Run Behavior\BuildLiteBehavior [ RunTime:0.000013s ]
INFO: [ app_init ] --END-- [ RunTime:0.000066s ]
SQL: SHOW COLUMNS FROM `wemall_info` [ RunTime:0.0005s ]
SQL: SELECT * FROM `wemall_info` LIMIT 1   [ RunTime:0.0001s ]
INFO: [ app_begin ] --START--
INFO: Run Behavior\ReadHtmlCacheBehavior [ RunTime:0.000048s ]
INFO: [ app_begin ] --END-- [ RunTime:0.000086s ]
SQL: SELECT * FROM `wemall_info` LIMIT 1   [ RunTime:0.0001s ]
SQL: SHOW COLUMNS FROM `wemall_menu` [ RunTime:0.0003s ]
SQL: SELECT * FROM `wemall_menu`  [ RunTime:0.0001s ]
SQL: SHOW COLUMNS FROM `wemall_good` [ RunTime:0.0004s ]
SQL: SELECT * FROM `wemall_good`  [ RunTime:0.0001s ]
SQL: SHOW COLUMNS FROM `wemall_user` [ RunTime:0.0003s ]
SQL: SELECT * FROM `wemall_user` WHERE `uid` = '1' LIMIT 1   [ RunTime:0.0001s ]
SQL: SHOW COLUMNS FROM `wemall_alipay` [ RunTime:0.0003s ]
SQL: SELECT * FROM `wemall_alipay` LIMIT 1   [ RunTime:0.0001s ]
INFO: [ view_parse ] --START--
INFO: [ template_filter ] --START--
INFO: Run Behavior\ContentReplaceBehavior [ RunTime:0.000078s ]
INFO: [ template_filter ] --END-- [ RunTime:0.000127s ]
INFO: Run Behavior\ParseTemplateBehavior [ RunTime:0.007468s ]
INFO: [ view_parse ] --END-- [ RunTime:0.007515s ]
INFO: [ view_filter ] --START--
INFO: Run Behavior\WriteHtmlCacheBehavior [ RunTime:0.000051s ]
INFO: [ view_filter ] --END-- [ RunTime:0.000084s ]
INFO: [ app_end ] --START--
INFO: Run Behavior\ShowPageTraceBehavior [ RunTime:0.000051s ]
INFO: [ app_end ] --END-- [ RunTime:0.000091s ]

[ 2017-03-26T21:37:46+08:00 ] 1.94.41.161 /index.php?m=App&c=Index&a=index&uid=1
INFO: [ app_init ] --START--
INFO: Run Behavior\BuildLiteBehavior [ RunTime:0.000012s ]
INFO: [ app_init ] --END-- [ RunTime:0.000066s ]
SQL: SHOW COLUMNS FROM `wemall_info` [ RunTime:0.0005s ]
SQL: SELECT * FROM `wemall_info` LIMIT 1   [ RunTime:0.0001s ]
INFO: [ app_begin ] --START--
INFO: Run Behavior\ReadHtmlCacheBehavior [ RunTime:0.000050s ]
INFO: [ app_begin ] --END-- [ RunTime:0.000089s ]
SQL: SELECT * FROM `wemall_info` LIMIT 1   [ RunTime:0.0001s ]
SQL: SHOW COLUMNS FROM `wemall_menu` [ RunTime:0.0003s ]
SQL: SELECT * FROM `wemall_menu`  [ RunTime:0.0001s ]
SQL: SHOW COLUMNS FROM `wemall_good` [ RunTime:0.0004s ]
SQL: SELECT * FROM `wemall_good`  [ RunTime:0.0001s ]
SQL: SHOW COLUMNS FROM `wemall_user` [ RunTime:0.0003s ]
SQL: SELECT * FROM `wemall_user` WHERE `uid` = '1' LIMIT 1   [ RunTime:0.0001s ]
SQL: SHOW COLUMNS FROM `wemall_alipay` [ RunTime:0.0003s ]
SQL: SELECT * FROM `wemall_alipay` LIMIT 1   [ RunTime:0.0001s ]
INFO: [ view_parse ] --START--
INFO: [ template_filter ] --START--
INFO: Run Behavior\ContentReplaceBehavior [ RunTime:0.000076s ]
INFO: [ template_filter ] --END-- [ RunTime:0.000125s ]
INFO: Run Behavior\ParseTemplateBehavior [ RunTime:0.008136s ]
INFO: [ view_parse ] --END-- [ RunTime:0.008178s ]
INFO: [ view_filter ] --START--
INFO: Run Behavior\WriteHtmlCacheBehavior [ RunTime:0.000056s ]
INFO: [ view_filter ] --END-- [ RunTime:0.000087s ]
INFO: [ app_end ] --START--
INFO: Run Behavior\ShowPageTraceBehavior [ RunTime:0.000761s ]
INFO: [ app_end ] --END-- [ RunTime:0.000805s ]

[ 2017-03-26T21:38:01+08:00 ] 1.94.41.161 /index.php?m=App&c=Index&a=index&uid=1
INFO: [ app_init ] --START--
INFO: Run Behavior\BuildLiteBehavior [ RunTime:0.000012s ]
INFO: [ app_init ] --END-- [ RunTime:0.000066s ]
SQL: SHOW COLUMNS FROM `wemall_info` [ RunTime:0.0005s ]
SQL: SELECT * FROM `wemall_info` LIMIT 1   [ RunTime:0.0001s ]
INFO: [ app_begin ] --START--
INFO: Run Behavior\ReadHtmlCacheBehavior [ RunTime:0.000050s ]
INFO: [ app_begin ] --END-- [ RunTime:0.000089s ]
SQL: SELECT * FROM `wemall_info` LIMIT 1   [ RunTime:0.0001s ]
SQL: SHOW COLUMNS FROM `wemall_menu` [ RunTime:0.0003s ]
SQL: SELECT * FROM `wemall_menu`  [ RunTime:0.0001s ]
SQL: SHOW COLUMNS FROM `wemall_good` [ RunTime:0.0004s ]
SQL: SELECT * FROM `wemall_good`  [ RunTime:0.0001s ]
SQL: SHOW COLUMNS FROM `wemall_user` [ RunTime:0.0003s ]
SQL: SELECT * FROM `wemall_user` WHERE `uid` = '1' LIMIT 1   [ RunTime:0.0001s ]
SQL: SHOW COLUMNS FROM `wemall_alipay` [ RunTime:0.0003s ]
SQL: SELECT * FROM `wemall_alipay` LIMIT 1   [ RunTime:0.0001s ]
INFO: [ view_parse ] --START--
INFO: [ template_filter ] --START--
INFO: Run Behavior\ContentReplaceBehavior [ RunTime:0.000079s ]
INFO: [ template_filter ] --END-- [ RunTime:0.000122s ]
INFO: Run Behavior\ParseTemplateBehavior [ RunTime:0.007713s ]
INFO: [ view_parse ] --END-- [ RunTime:0.007758s ]
INFO: [ view_filter ] --START--
INFO: Run Behavior\WriteHtmlCacheBehavior [ RunTime:0.000049s ]
INFO: [ view_filter ] --END-- [ RunTime:0.000080s ]
INFO: [ app_end ] --START--
INFO: Run Behavior\ShowPageTraceBehavior [ RunTime:0.000051s ]
INFO: [ app_end ] --END-- [ RunTime:0.000091s ]

[ 2017-03-26T21:39:16+08:00 ] 1.94.41.161 /index.php?m=App&c=Index&a=index&uid=1
INFO: [ app_init ] --START--
INFO: Run Behavior\BuildLiteBehavior [ RunTime:0.000013s ]
INFO: [ app_init ] --END-- [ RunTime:0.000065s ]
SQL: SHOW COLUMNS FROM `wemall_info` [ RunTime:0.0006s ]
SQL: SELECT * FROM `wemall_info` LIMIT 1   [ RunTime:0.0001s ]
INFO: [ app_begin ] --START--
INFO: Run Behavior\ReadHtmlCacheBehavior [ RunTime:0.000056s ]
INFO: [ app_begin ] --END-- [ RunTime:0.000095s ]
SQL: SELECT * FROM `wemall_info` LIMIT 1   [ RunTime:0.0002s ]
SQL: SHOW COLUMNS FROM `wemall_menu` [ RunTime:0.0003s ]
SQL: SELECT * FROM `wemall_menu`  [ RunTime:0.0001s ]
SQL: SHOW COLUMNS FROM `wemall_good` [ RunTime:0.0004s ]
SQL: SELECT * FROM `wemall_good`  [ RunTime:0.0002s ]
SQL: SHOW COLUMNS FROM `wemall_user` [ RunTime:0.0004s ]
SQL: SELECT * FROM `wemall_user` WHERE `uid` = '1' LIMIT 1   [ RunTime:0.0002s ]
SQL: SHOW COLUMNS FROM `wemall_alipay` [ RunTime:0.0004s ]
SQL: SELECT * FROM `wemall_alipay` LIMIT 1   [ RunTime:0.0001s ]
INFO: [ view_parse ] --START--
INFO: [ template_filter ] --START--
INFO: Run Behavior\ContentReplaceBehavior [ RunTime:0.000096s ]
INFO: [ template_filter ] --END-- [ RunTime:0.000143s ]
INFO: Run Behavior\ParseTemplateBehavior [ RunTime:0.006680s ]
INFO: [ view_parse ] --END-- [ RunTime:0.006740s ]
INFO: [ view_filter ] --START--
INFO: Run Behavior\WriteHtmlCacheBehavior [ RunTime:0.000096s ]
INFO: [ view_filter ] --END-- [ RunTime:0.000156s ]
INFO: [ app_end ] --START--
INFO: Run Behavior\ShowPageTraceBehavior [ RunTime:0.000088s ]
INFO: [ app_end ] --END-- [ RunTime:0.000134s ]

